<?xml version="1.0" encoding="UTF-8"?>
<!-- Generated by org.testng.reporters.JUnitXMLReporter -->
<testsuite ignored="10" hostname="COG-WIN-MAC03" failures="1" tests="58" name="Test" time="4291.486" errors="0" timestamp="2023-07-19T03:11:04 IST">
  <testcase classname="testcases.WorkingDayTest" name="addWorkingDayValidationCheck" time="52.027"/>
  <testcase classname="testcases.WorkingDayTest" name="addWorkingDayForCompanyHolidays" time="195.447"/>
  <testcase classname="testcases.WorkingDayTest" name="ValidateEditFunctionality" time="53.912"/>
  <testcase classname="testcases.WorkingDayTest" name="ValidateDeleteFunctionality" time="47.672"/>
  <testcase classname="testcases.ManageLayoutTest" name="ValidateSearchAndResetButtonFunctionality" time="70.243"/>
  <testcase classname="testcases.AutoResponderTest" name="autoResponderValidationCheck" time="58.558"/>
  <testcase classname="testcases.AutoResponderTest" name="addAutoResponder" time="59.407"/>
  <testcase classname="testcases.AutoResponderTest" name="ValidateSerachFunctionalityWithTitleName" time="50.858"/>
  <testcase classname="testcases.AutoResponderTest" name="ValidateSerachFunctionalityWithStatus" time="53.707"/>
  <testcase classname="testcases.AutoResponderTest" name="ValidateUpdateFunctionality" time="67.325"/>
  <testcase classname="testcases.AutoResponderTest" name="verifySortingFunctionality" time="69.312"/>
  <testcase classname="testcases.AutoResponderTest" name="ValidateDeleteFunctionality" time="60.389"/>
  <testcase classname="testcases.WorkingWeekTest" name="validateFunctionalityForSetUpForTheWorkingWeekAndSaveButton" time="80.594"/>
  <testcase classname="testcases.WorkingWeekTest" name="validateFunctionalityOfResetButton" time="55.174"/>
  <testcase classname="testcases.PassportInformationTest" name="addPassportInformationValidationCheck" time="42.276"/>
  <testcase classname="testcases.PassportInformationTest" name="addPassportInformation" time="164.229"/>
  <testcase classname="testcases.PassportInformationTest" name="validatePassportUserName" time="50.019"/>
  <testcase classname="testcases.PassportInformationTest" name="validatePassportUserNameWithStatusSearchFilter" time="61.603"/>
  <testcase classname="testcases.PassportInformationTest" name="validateUpdateFunctionality" time="61.804"/>
  <testcase classname="testcases.PassportInformationTest" name="validateViewPassportButtonFunctionality" time="63.124"/>
  <testcase classname="testcases.PassportInformationTest" name="addVisaDetailsValidationCheck" time="75.508"/>
  <testcase classname="testcases.PassportInformationTest" name="addVisaDetails" time="99.689"/>
  <testcase classname="testcases.PassportInformationTest" name="validateVisaNumber" time="65.544"/>
  <testcase classname="testcases.PassportInformationTest" name="validateVisaNumberWithStatusSearchFilter" time="73.532"/>
  <testcase classname="testcases.PassportInformationTest" name="validateUpdateFunctionalityOfVisa" time="84.261"/>
  <testcase classname="testcases.PassportInformationTest" name="validateDeleteFunctionalityOfVisa" time="96.121"/>
  <testcase classname="testcases.PassportInformationTest" name="verifySortingFunctionality" time="157.62"/>
  <testcase classname="testcases.PassportInformationTest" name="validateDeleteFunctionalityOfPassport" time="64.629"/>
  <testcase classname="testcases.ManageTagsTest" name="ManageTagsValidationCheck" time="142.238"/>
  <testcase classname="testcases.ManageTagsTest" name="addNewTagwithInactiveStatus" time="63.291"/>
  <testcase classname="testcases.ManageTagsTest" name="validateClearAllSearchAndDeleteFunctionality" time="82.824"/>
  <testcase classname="testcases.ManageTagsTest" name="addNewTagwithActiveStatus" time="62.691"/>
  <testcase classname="testcases.ManageTagsTest" name="validateInActiveButtonFunctionality" time="64.79"/>
  <testcase classname="testcases.ManageTagsTest" name="validateActiveButtonFunctionality" time="77.614"/>
  <testcase classname="testcases.ManageTagsTest" name="validateDrpoDownInActiveFunctionality" time="67.383"/>
  <testcase classname="testcases.ManageTagsTest" name="validateDrpoDownActiveFunctionality" time="65.313"/>
  <testcase classname="testcases.ManageTagsTest" name="validateUpdateFunctionality" time="68.727"/>
  <testcase classname="testcases.ManageTagsTest" name="verifySortingFunctionality" time="62.809"/>
  <testcase classname="testcases.ManageTagsTest" name="validateSearchAndDeleteFunctionalityForActiveStatus" time="83.49"/>
  <testcase classname="testcases.StorageTest" name="allocateSpaceOnManageStoragePage" time="41.942"/>
  <testcase classname="testcases.RuleEngineTest" name="ruleEngineValidationCheck" time="52.913"/>
  <testcase classname="testcases.RuleEngineTest" name="addNewRule" time="104.282"/>
  <testcase classname="testcases.RuleEngineTest" name="ValidateSerachFunctionalityWithRuleName" time="47.185"/>
  <testcase classname="testcases.RuleEngineTest" name="ValidateSerachFunctionalityWithModuleName" time="54.977"/>
  <testcase classname="testcases.RuleEngineTest" name="ValidatetheFunctionalityOfRestButton" time="61.551"/>
  <testcase classname="testcases.RuleEngineTest" name="ValidatetheFunctionalityOfStatusButton" time="62.818"/>
  <testcase classname="testcases.RuleEngineTest" name="ValidatetheFunctionalityOfSorting" time="75.708"/>
  <testcase classname="testcases.RuleEngineTest" name="ValidateDeleteButtonFunctionality" time="71.237"/>
  <testcase classname="testcases.ExternalLinkTest" name="validateEditfunctionalityOfExternalLink" time="62.597"/>
  <testcase classname="testcases.ExternalLinkTest" name="validateViewfunctionalityOfExternalLink" time="48.457">
    <failure type="java.lang.AssertionError" message="java.lang.NullPointerException: Cannot invoke &amp;quot;org.openqa.selenium.WebElement.clear()&amp;quot; because &amp;quot;element&amp;quot; is null">
      <![CDATA[java.lang.AssertionError: java.lang.NullPointerException: Cannot invoke "org.openqa.selenium.WebElement.clear()" because "element" is null
at utils.WebBasePage.enter(WebBasePage.java:83)
at pageobjects.UserLoginPage.enterUserName(UserLoginPage.java:37)
at pageobjects.UserLoginPage.forcefulLogOutLogin(UserLoginPage.java:83)
at action.LoginAction.logoutLogin(LoginAction.java:25)
at testcases.ExternalLinkTest.validateViewfunctionalityOfExternalLink(ExternalLinkTest.java:33)
at java.base/java.util.ArrayList.forEach(ArrayList.java:1511)
... Removed 28 stack frames]]>
    </failure>
  </testcase> <!-- validateViewfunctionalityOfExternalLink -->
  <testcase classname="testcases.ExternalLinkTest" name="validateCopyExternalLinkfunctionalityOfExternalLink" time="26.319"/>
  <testcase classname="testcases.AddReportTest" name="addReportValidationCheck" time="43.615"/>
  <testcase classname="testcases.AddReportTest" name="addReport" time="137.561"/>
  <testcase classname="testcases.AddReportTest" name="validateReport" time="45.292"/>
  <testcase classname="testcases.AddReportTest" name="validationCheckOfUpdateReport" time="65.845"/>
  <testcase classname="testcases.AddReportTest" name="validatefunctionalityOfDeleteButton" time="62.035"/>
  <testcase classname="testcases.OrganizationChartTest" name="validationCheckForChangeRootMember" time="40.972"/>
  <testcase classname="testcases.OrganizationChartTest" name="validateFunctionalityOfUserGuideAndChangeRootMember" time="57.711"/>
  <testcase classname="utils.WebTestBase" name="@AfterSuite close" time="0.0">
    <ignored/>
  </testcase> <!-- @AfterSuite close -->
  <testcase classname="utils.WebTestBase" name="@AfterSuite close" time="0.0">
    <ignored/>
  </testcase> <!-- @AfterSuite close -->
  <testcase classname="utils.WebTestBase" name="@AfterSuite close" time="0.0">
    <ignored/>
  </testcase> <!-- @AfterSuite close -->
  <testcase classname="utils.WebTestBase" name="@AfterSuite close" time="0.0">
    <ignored/>
  </testcase> <!-- @AfterSuite close -->
  <testcase classname="utils.WebTestBase" name="@AfterSuite close" time="0.0">
    <ignored/>
  </testcase> <!-- @AfterSuite close -->
  <testcase classname="utils.WebTestBase" name="@AfterSuite close" time="0.0">
    <ignored/>
  </testcase> <!-- @AfterSuite close -->
  <testcase classname="utils.WebTestBase" name="@AfterSuite close" time="0.0">
    <ignored/>
  </testcase> <!-- @AfterSuite close -->
  <testcase classname="utils.WebTestBase" name="@AfterSuite close" time="0.0">
    <ignored/>
  </testcase> <!-- @AfterSuite close -->
  <testcase classname="utils.WebTestBase" name="@AfterSuite close" time="0.0">
    <ignored/>
  </testcase> <!-- @AfterSuite close -->
  <testcase classname="utils.WebTestBase" name="@AfterSuite close" time="0.0">
    <ignored/>
  </testcase> <!-- @AfterSuite close -->
</testsuite> <!-- Test -->
